# JRE version: OpenJDK Runtime Environment (8.0_362-b09) (build 1.8.0_362-b09)
# Java VM: OpenJDK 64-Bit Server VM (25.362-b09 mixed mode windows-amd64 compressed oops)
Heap:
 PSYoungGen      total 1354752K, used 728326K [0x000000076c500000, 0x00000007c0000000, 0x00000007c0000000)
  eden space 1338368K, 53% used [0x000000076c500000,0x0000000798131858,0x00000007be000000)
  from space 16384K, 69% used [0x00000007bf000000,0x00000007bfb10000,0x00000007c0000000)
  to   space 16384K, 0% used [0x00000007be000000,0x00000007be000000,0x00000007bf000000)
 ParOldGen       total 278016K, used 213457K [0x00000006c4e00000, 0x00000006d5d80000, 0x000000076c500000)
  object space 278016K, 76% used [0x00000006c4e00000,0x00000006d1e74598,0x00000006d5d80000)
 Metaspace       used 70150K, capacity 76735K, committed 76928K, reserved 1114112K
  class space    used 9980K, capacity 11836K, committed 11904K, reserved 1048576K
GC Heap History (10 events):
Event: 36.041 GC heap before
{Heap before GC invocations=71 (full 3):
 PSYoungGen      total 1355776K, used 1350080K [0x000000076c500000, 0x00000007c0000000, 0x00000007c0000000)
  eden space 1340416K, 100% used [0x000000076c500000,0x00000007be200000,0x00000007be200000)
  from space 15360K, 62% used [0x00000007be200000,0x00000007beb70000,0x00000007bf100000)
  to   space 15360K, 0% used [0x00000007bf100000,0x00000007bf100000,0x00000007c0000000)
 ParOldGen       total 278016K, used 212657K [0x00000006c4e00000, 0x00000006d5d80000, 0x000000076c500000)
  object space 278016K, 76% used [0x00000006c4e00000,0x00000006d1dac598,0x00000006d5d80000)
 Metaspace       used 70137K, capacity 76735K, committed 76928K, reserved 1114112K
  class space    used 9979K, capacity 11836K, committed 11904K, reserved 1048576K
Event: 36.051 GC heap after
Heap after GC invocations=71 (full 3):
 PSYoungGen      total 1354752K, used 9920K [0x000000076c500000, 0x00000007c0000000, 0x00000007c0000000)
  eden space 1339392K, 0% used [0x000000076c500000,0x000000076c500000,0x00000007be100000)
  from space 15360K, 64% used [0x00000007bf100000,0x00000007bfab0000,0x00000007c0000000)
  to   space 15872K, 0% used [0x00000007be100000,0x00000007be100000,0x00000007bf080000)
 ParOldGen       total 278016K, used 212761K [0x00000006c4e00000, 0x00000006d5d80000, 0x000000076c500000)
  object space 278016K, 76% used [0x00000006c4e00000,0x00000006d1dc6598,0x00000006d5d80000)
 Metaspace       used 70137K, capacity 76735K, committed 76928K, reserved 1114112K
  class space    used 9979K, capacity 11836K, committed 11904K, reserved 1048576K
}
Event: 36.489 GC heap before
{Heap before GC invocations=72 (full 3):
 PSYoungGen      total 1354752K, used 1349312K [0x000000076c500000, 0x00000007c0000000, 0x00000007c0000000)
  eden space 1339392K, 100% used [0x000000076c500000,0x00000007be100000,0x00000007be100000)
  from space 15360K, 64% used [0x00000007bf100000,0x00000007bfab0000,0x00000007c0000000)
  to   space 15872K, 0% used [0x00000007be100000,0x00000007be100000,0x00000007bf080000)
 ParOldGen       total 278016K, used 212761K [0x00000006c4e00000, 0x00000006d5d80000, 0x000000076c500000)
  object space 278016K, 76% used [0x00000006c4e00000,0x00000006d1dc6598,0x00000006d5d80000)
 Metaspace       used 70137K, capacity 76735K, committed 76928K, reserved 1114112K
  class space    used 9979K, capacity 11836K, committed 11904K, reserved 1048576K
Event: 36.502 GC heap after
Heap after GC invocations=72 (full 3):
 PSYoungGen      total 1355264K, used 10208K [0x000000076c500000, 0x00000007c0000000, 0x00000007c0000000)
  eden space 1339392K, 0% used [0x000000076c500000,0x000000076c500000,0x00000007be100000)
  from space 15872K, 64% used [0x00000007be100000,0x00000007beaf8000,0x00000007bf080000)
  to   space 15872K, 0% used [0x00000007bf080000,0x00000007bf080000,0x00000007c0000000)
 ParOldGen       total 278016K, used 212913K [0x00000006c4e00000, 0x00000006d5d80000, 0x000000076c500000)
  object space 278016K, 76% used [0x00000006c4e00000,0x00000006d1dec598,0x00000006d5d80000)
 Metaspace       used 70137K, capacity 76735K, committed 76928K, reserved 1114112K
  class space    used 9979K, capacity 11836K, committed 11904K, reserved 1048576K
}
Event: 36.945 GC heap before
{Heap before GC invocations=73 (full 3):
 PSYoungGen      total 1355264K, used 1349600K [0x000000076c500000, 0x00000007c0000000, 0x00000007c0000000)
  eden space 1339392K, 100% used [0x000000076c500000,0x00000007be100000,0x00000007be100000)
  from space 15872K, 64% used [0x00000007be100000,0x00000007beaf8000,0x00000007bf080000)
  to   space 15872K, 0% used [0x00000007bf080000,0x00000007bf080000,0x00000007c0000000)
 ParOldGen       total 278016K, used 212913K [0x00000006c4e00000, 0x00000006d5d80000, 0x000000076c500000)
  object space 278016K, 76% used [0x00000006c4e00000,0x00000006d1dec598,0x00000006d5d80000)
 Metaspace       used 70137K, capacity 76735K, committed 76928K, reserved 1114112K
  class space    used 9979K, capacity 11836K, committed 11904K, reserved 1048576K
Event: 36.956 GC heap after
Heap after GC invocations=73 (full 3):
 PSYoungGen      total 1355264K, used 10432K [0x000000076c500000, 0x00000007c0000000, 0x00000007c0000000)
  eden space 1339392K, 0% used [0x000000076c500000,0x000000076c500000,0x00000007be100000)
  from space 15872K, 65% used [0x00000007bf080000,0x00000007bfab0000,0x00000007c0000000)
  to   space 15872K, 0% used [0x00000007be100000,0x00000007be100000,0x00000007bf080000)
 ParOldGen       total 278016K, used 213049K [0x00000006c4e00000, 0x00000006d5d80000, 0x000000076c500000)
  object space 278016K, 76% used [0x00000006c4e00000,0x00000006d1e0e598,0x00000006d5d80000)
 Metaspace       used 70137K, capacity 76735K, committed 76928K, reserved 1114112K
  class space    used 9979K, capacity 11836K, committed 11904K, reserved 1048576K
}
Event: 37.429 GC heap before
{Heap before GC invocations=74 (full 3):
 PSYoungGen      total 1355264K, used 1349824K [0x000000076c500000, 0x00000007c0000000, 0x00000007c0000000)
  eden space 1339392K, 100% used [0x000000076c500000,0x00000007be100000,0x00000007be100000)
  from space 15872K, 65% used [0x00000007bf080000,0x00000007bfab0000,0x00000007c0000000)
  to   space 15872K, 0% used [0x00000007be100000,0x00000007be100000,0x00000007bf080000)
 ParOldGen       total 278016K, used 213049K [0x00000006c4e00000, 0x00000006d5d80000, 0x000000076c500000)
  object space 278016K, 76% used [0x00000006c4e00000,0x00000006d1e0e598,0x00000006d5d80000)
 Metaspace       used 70137K, capacity 76735K, committed 76928K, reserved 1114112K
  class space    used 9979K, capacity 11836K, committed 11904K, reserved 1048576K
Event: 37.441 GC heap after
Heap after GC invocations=74 (full 3):
 PSYoungGen      total 1350656K, used 10848K [0x000000076c500000, 0x00000007c0000000, 0x00000007c0000000)
  eden space 1339392K, 0% used [0x000000076c500000,0x000000076c500000,0x00000007be100000)
  from space 11264K, 96% used [0x00000007be100000,0x00000007beb98000,0x00000007bec00000)
  to   space 16384K, 0% used [0x00000007bf000000,0x00000007bf000000,0x00000007c0000000)
 ParOldGen       total 278016K, used 213193K [0x00000006c4e00000, 0x00000006d5d80000, 0x000000076c500000)
  object space 278016K, 76% used [0x00000006c4e00000,0x00000006d1e32598,0x00000006d5d80000)
 Metaspace       used 70137K, capacity 76735K, committed 76928K, reserved 1114112K
  class space    used 9979K, capacity 11836K, committed 11904K, reserved 1048576K
}
Event: 37.930 GC heap before
{Heap before GC invocations=75 (full 3):
 PSYoungGen      total 1350656K, used 1350240K [0x000000076c500000, 0x00000007c0000000, 0x00000007c0000000)
  eden space 1339392K, 100% used [0x000000076c500000,0x00000007be100000,0x00000007be100000)
  from space 11264K, 96% used [0x00000007be100000,0x00000007beb98000,0x00000007bec00000)
  to   space 16384K, 0% used [0x00000007bf000000,0x00000007bf000000,0x00000007c0000000)
 ParOldGen       total 278016K, used 213193K [0x00000006c4e00000, 0x00000006d5d80000, 0x000000076c500000)
  object space 278016K, 76% used [0x00000006c4e00000,0x00000006d1e32598,0x00000006d5d80000)
 Metaspace       used 70137K, capacity 76735K, committed 76928K, reserved 1114112K
  class space    used 9979K, capacity 11836K, committed 11904K, reserved 1048576K
Event: 37.942 GC heap after
Heap after GC invocations=75 (full 3):
 PSYoungGen      total 1354752K, used 11328K [0x000000076c500000, 0x00000007c0000000, 0x00000007c0000000)
  eden space 1338368K, 0% used [0x000000076c500000,0x000000076c500000,0x00000007be000000)
  from space 16384K, 69% used [0x00000007bf000000,0x00000007bfb10000,0x00000007c0000000)
  to   space 16384K, 0% used [0x00000007be000000,0x00000007be000000,0x00000007bf000000)
 ParOldGen       total 278016K, used 213457K [0x00000006c4e00000, 0x00000006d5d80000, 0x000000076c500000)
  object space 278016K, 76% used [0x00000006c4e00000,0x00000006d1e74598,0x00000006d5d80000)
 Metaspace       used 70137K, capacity 76735K, committed 76928K, reserved 1114112K
  class space    used 9979K, capacity 11836K, committed 11904K, reserved 1048576K
}

